**************************************************************
* Voltage Drop Report file

* Units:
*   Length Unit         : um
*   Length Scale        : 0.001
*   Voltage Unit        : mV
*
* Cell Name : initial
* Net Name   : VDD
* Number of Resistors: 334
* Threshold V: (min, max)=(6.282300 30.419718)
* Format: [left bottom right top] on Layer is voltage
*
[0 195270 13310 197270] on METAL6 is 6.282
[12310 179035 14310 196270] on METAL6 is 13.163
[12310 196270 14310 212130] on METAL6 is 7.437
[13310 195270 14310 197270] on METAL6 is 6.282
[12310 212130 14310 215115] on METAL6 is 8.918
[12310 211130 14310 213130] on VIA67 is 7.437
[13310 211130 14310 213130] on METAL7 is 6.753
[-2640 211130 13310 213130] on METAL7 is 6.753
[12310 215115 14310 251195] on METAL6 is 15.99
[12310 214115 14310 216115] on VIA67 is 9.403
[13310 214115 35290 216115] on METAL7 is 16.001
[12310 214115 13310 216115] on METAL7 is 9.403
[35290 214115 71630 216115] on METAL7 is 21.916
[34290 214115 36290 216115] on VIA67 is 16.223
[34290 179035 36290 215115] on METAL6 is 18.177
[34290 215115 36290 251195] on METAL6 is 18.568
[34290 251195 36290 286865] on METAL6 is 20.376
[34290 250195 36290 252195] on VIA67 is 18.568
[35290 250195 71630 252195] on METAL7 is 22.367
[13310 250195 35290 252195] on METAL7 is 18.561
[12310 250195 13310 252195] on METAL7 is 16.166
[12310 250195 14310 252195] on VIA67 is 16.166
[12310 251195 14310 286865] on METAL6 is 19.093
[12310 286865 14310 327130] on METAL6 is 20.369
[12310 285865 14310 287865] on VIA67 is 19.182
[13310 285865 35290 287865] on METAL7 is 20.398
[12310 285865 13310 287865] on METAL7 is 19.182
[35290 285865 71630 287865] on METAL7 is 22.903
[34290 285865 36290 287865] on VIA67 is 20.398
[34290 286865 36290 327130] on METAL6 is 21.09
[34290 327130 36290 328130] on METAL6 is 21.09
[34290 326130 36290 328130] on VIA67 is 21.116
[35290 326130 71630 328130] on METAL7 is 22.845
[13310 326130 35290 328130] on METAL7 is 21.116
[12310 326130 13310 328130] on METAL7 is 20.42
[12310 326130 14310 328130] on VIA67 is 20.42
[12310 327130 14310 328130] on METAL6 is 20.369
[71630 326130 107970 328130] on METAL7 is 24.396
[70630 326130 72630 328130] on VIA67 is 22.853
[70630 286865 72630 327130] on METAL6 is 22.927
[70630 327130 72630 328130] on METAL6 is 22.853
[70630 251195 72630 286865] on METAL6 is 22.927
[70630 285865 72630 287865] on VIA67 is 22.927
[71630 285865 107970 287865] on METAL7 is 24.879
[107970 285865 144310 287865] on METAL7 is 26.067
[106970 285865 108970 287865] on VIA67 is 24.914
[106970 251195 108970 286865] on METAL6 is 25.058
[106970 286865 108970 327130] on METAL6 is 24.914
[106970 327130 108970 328130] on METAL6 is 24.421
[106970 326130 108970 328130] on VIA67 is 24.421
[107970 326130 144310 328130] on METAL7 is 25.391
[144310 326130 180650 328130] on METAL7 is 25.66
[143310 326130 145310 328130] on VIA67 is 25.423
[143310 286865 145310 327130] on METAL6 is 26.107
[143310 327130 145310 328130] on METAL6 is 25.423
[143310 251195 145310 286865] on METAL6 is 26.512
[143310 285865 145310 287865] on VIA67 is 26.107
[144310 285865 180650 287865] on METAL7 is 26.358
[180650 285865 216990 287865] on METAL7 is 26.358
[179650 285865 181650 287865] on VIA67 is 26.397
[179650 251195 181650 286865] on METAL6 is 26.835
[179650 286865 181650 327130] on METAL6 is 26.397
[179650 327130 181650 328130] on METAL6 is 25.693
[179650 326130 181650 328130] on VIA67 is 25.693
[180650 326130 216990 328130] on METAL7 is 25.66
[216990 326130 253330 328130] on METAL7 is 25.183
[215990 326130 217990 328130] on VIA67 is 25.211
[215990 286865 217990 327130] on METAL6 is 25.791
[215990 327130 217990 328130] on METAL6 is 25.211
[215990 251195 217990 286865] on METAL6 is 26.04
[215990 285865 217990 287865] on VIA67 is 25.791
[216990 285865 253330 287865] on METAL7 is 25.754
[253330 285865 289670 287865] on METAL7 is 24.327
[252330 285865 254330 287865] on VIA67 is 24.354
[252330 251195 254330 286865] on METAL6 is 24.354
[252330 286865 254330 327130] on METAL6 is 24.354
[252330 327130 254330 328130] on METAL6 is 24.094
[252330 326130 254330 328130] on VIA67 is 24.094
[253330 326130 289670 328130] on METAL7 is 24.08
[289670 326130 330050 328130] on METAL7 is 22.64
[288670 326130 290670 328130] on VIA67 is 22.64
[288670 286865 290670 327130] on METAL6 is 22.632
[288670 327130 290670 328130] on METAL6 is 22.632
[288670 251195 290670 286865] on METAL6 is 22.301
[288670 285865 290670 287865] on VIA67 is 22.301
[289670 285865 330050 287865] on METAL7 is 22.296
[330050 285865 331050 287865] on METAL7 is 19.909
[329050 285865 331050 287865] on VIA67 is 19.909
[329050 251195 331050 286865] on METAL6 is 19.813
[329050 286865 331050 327130] on METAL6 is 21.203
[329050 327130 331050 328130] on METAL6 is 21.203
[329050 326130 331050 328130] on VIA67 is 21.258
[330050 326130 331050 328130] on METAL7 is 21.258
[329050 215115 331050 251195] on METAL6 is 16.376
[329050 250195 331050 252195] on VIA67 is 16.552
[330050 250195 331050 252195] on METAL7 is 16.552
[289670 250195 330050 252195] on METAL7 is 20.946
[253330 250195 289670 252195] on METAL7 is 24.051
[288670 250195 290670 252195] on VIA67 is 20.984
[288670 215115 290670 251195] on METAL6 is 20.984
[288670 179035 290670 215115] on METAL6 is 20.892
[288670 214115 290670 216115] on VIA67 is 19.372
[289670 214115 330050 216115] on METAL7 is 19.183
[253330 214115 289670 216115] on METAL7 is 23.85
[216990 214115 253330 216115] on METAL7 is 26.322
[252330 214115 254330 216115] on VIA67 is 23.948
[252330 179035 254330 215115] on METAL6 is 24.948
[252330 215115 254330 251195] on METAL6 is 24.103
[252330 250195 254330 252195] on VIA67 is 24.103
[216990 250195 253330 252195] on METAL7 is 25.989
[180650 250195 216990 252195] on METAL7 is 26.785
[215990 250195 217990 252195] on VIA67 is 26.04
[215990 215115 217990 251195] on METAL6 is 26.389
[215990 179035 217990 215115] on METAL6 is 27.201
[215990 214115 217990 216115] on VIA67 is 26.389
[180650 214115 216990 216115] on METAL7 is 27.286
[144310 214115 180650 216115] on METAL7 is 27.286
[179650 214115 181650 216115] on VIA67 is 27.344
[179650 179035 181650 215115] on METAL6 is 28.092
[179650 215115 181650 251195] on METAL6 is 27.344
[179650 250195 181650 252195] on VIA67 is 26.835
[144310 250195 180650 252195] on METAL7 is 26.785
[107970 250195 144310 252195] on METAL7 is 26.461
[143310 250195 145310 252195] on VIA67 is 26.512
[143310 215115 145310 251195] on METAL6 is 27
[143310 179035 145310 215115] on METAL6 is 27.756
[143310 214115 145310 216115] on VIA67 is 27
[107970 214115 144310 216115] on METAL7 is 26.94
[71630 214115 107970 216115] on METAL7 is 25.256
[106970 214115 108970 216115] on VIA67 is 25.33
[106970 179035 108970 215115] on METAL6 is 26.184
[106970 215115 108970 251195] on METAL6 is 25.33
[106970 250195 108970 252195] on VIA67 is 25.058
[71630 250195 107970 252195] on METAL7 is 25.005
[70630 250195 72630 252195] on VIA67 is 22.419
[70630 215115 72630 251195] on METAL6 is 22.419
[70630 179035 72630 215115] on METAL6 is 23.155
[70630 214115 72630 216115] on VIA67 is 22.031
[70630 143365 72630 179035] on METAL6 is 25.157
[70630 178035 72630 180035] on VIA67 is 23.155
[71630 178035 107970 180035] on METAL7 is 26.118
[35290 178035 71630 180035] on METAL7 is 23.068
[13310 178035 35290 180035] on METAL7 is 18.063
[34290 178035 36290 180035] on VIA67 is 18.177
[34290 143365 36290 179035] on METAL6 is 21.947
[34290 107285 36290 143365] on METAL6 is 24.956
[34290 142365 36290 144365] on VIA67 is 21.953
[35290 142365 71630 144365] on METAL7 is 25.117
[13310 142365 35290 144365] on METAL7 is 21.953
[12310 142365 13310 144365] on METAL7 is 20.127
[12310 142365 14310 144365] on VIA67 is 20.127
[12310 107285 14310 143365] on METAL6 is 23.905
[12310 143365 14310 179035] on METAL6 is 19.993
[12310 178035 14310 180035] on VIA67 is 13.498
[12310 178035 13310 180035] on METAL7 is 13.498
[12310 71205 14310 107285] on METAL6 is 26.184
[12310 106285 14310 108285] on VIA67 is 23.979
[13310 106285 35290 108285] on METAL7 is 24.974
[12310 106285 13310 108285] on METAL7 is 23.979
[35290 106285 71630 108285] on METAL7 is 27.018
[34290 106285 36290 108285] on VIA67 is 24.974
[34290 71205 36290 107285] on METAL6 is 26.875
[34290 35125 36290 71205] on METAL6 is 27.835
[34290 70205 36290 72205] on VIA67 is 26.889
[35290 70205 71630 72205] on METAL7 is 28.297
[13310 70205 35290 72205] on METAL7 is 26.889
[12310 70205 13310 72205] on METAL7 is 26.233
[12310 70205 14310 72205] on VIA67 is 26.233
[12310 35125 14310 71205] on METAL6 is 27.385
[12310 13310 14310 35125] on METAL6 is 27.685
[12310 34125 14310 36125] on VIA67 is 27.417
[13310 34125 35290 36125] on METAL7 is 27.846
[12310 34125 13310 36125] on METAL7 is 27.417
[35290 34125 71630 36125] on METAL7 is 28.801
[34290 34125 36290 36125] on VIA67 is 27.846
[34290 13310 36290 35125] on METAL6 is 27.997
[34290 12310 36290 13310] on METAL6 is 27.997
[34290 12310 36290 14310] on VIA67 is 28.009
[35290 12310 71630 14310] on METAL7 is 28.777
[13310 12310 35290 14310] on METAL7 is 28.009
[12310 12310 13310 14310] on METAL7 is 27.707
[12310 12310 14310 14310] on VIA67 is 27.707
[12310 12310 14310 13310] on METAL6 is 27.685
[71630 12310 107970 14310] on METAL7 is 29.5
[70630 12310 72630 14310] on VIA67 is 28.779
[70630 12310 72630 13310] on METAL6 is 28.779
[70630 13310 72630 35125] on METAL6 is 28.806
[70630 35125 72630 71205] on METAL6 is 28.806
[70630 34125 72630 36125] on VIA67 is 28.806
[71630 34125 107970 36125] on METAL7 is 29.63
[107970 34125 144310 36125] on METAL7 is 30.186
[106970 34125 108970 36125] on VIA67 is 29.642
[106970 13310 108970 35125] on METAL6 is 29.642
[106970 35125 108970 71205] on METAL6 is 29.642
[106970 71205 108970 107285] on METAL6 is 29.466
[106970 70205 108970 72205] on VIA67 is 29.466
[107970 70205 144310 72205] on METAL7 is 30.174
[71630 70205 107970 72205] on METAL7 is 29.447
[70630 70205 72630 72205] on VIA67 is 28.308
[70630 71205 72630 107285] on METAL6 is 28.308
[70630 107285 72630 143365] on METAL6 is 27.038
[70630 106285 72630 108285] on VIA67 is 27.038
[71630 106285 107970 108285] on METAL7 is 28.629
[107970 106285 144310 108285] on METAL7 is 29.597
[106970 106285 108970 108285] on VIA67 is 28.657
[106970 107285 108970 143365] on METAL6 is 28.657
[106970 143365 108970 179035] on METAL6 is 27.435
[106970 142365 108970 144365] on VIA67 is 27.435
[107970 142365 144310 144365] on METAL7 is 28.675
[71630 142365 107970 144365] on METAL7 is 27.391
[70630 142365 72630 144365] on VIA67 is 25.157
[144310 142365 180650 144365] on METAL7 is 28.98
[143310 142365 145310 144365] on VIA67 is 28.719
[143310 107285 145310 143365] on METAL6 is 29.629
[143310 143365 145310 179035] on METAL6 is 28.719
[143310 178035 145310 180035] on VIA67 is 27.756
[144310 178035 180650 180035] on METAL7 is 28.037
[107970 178035 144310 180035] on METAL7 is 27.7
[106970 178035 108970 180035] on VIA67 is 26.184
[180650 178035 216990 180035] on METAL7 is 28.037
[179650 178035 181650 180035] on VIA67 is 28.092
[179650 143365 181650 179035] on METAL6 is 29.023
[179650 107285 181650 143365] on METAL6 is 29.892
[179650 142365 181650 144365] on VIA67 is 29.023
[180650 142365 216990 144365] on METAL7 is 28.98
[216990 142365 253330 144365] on METAL7 is 28.307
[215990 142365 217990 144365] on VIA67 is 28.352
[215990 107285 217990 143365] on METAL6 is 29.437
[215990 143365 217990 179035] on METAL6 is 28.352
[215990 178035 217990 180035] on VIA67 is 27.201
[216990 178035 253330 180035] on METAL7 is 27.139
[253330 178035 289670 180035] on METAL7 is 24.867
[252330 178035 254330 180035] on VIA67 is 24.948
[252330 143365 254330 179035] on METAL6 is 26.672
[252330 107285 254330 143365] on METAL6 is 28.318
[252330 142365 254330 144365] on VIA67 is 26.672
[253330 142365 289670 144365] on METAL7 is 26.63
[289670 142365 330050 144365] on METAL7 is 24.01
[288670 142365 290670 144365] on VIA67 is 24.035
[288670 107285 290670 143365] on METAL6 is 26.684
[288670 143365 290670 179035] on METAL6 is 24.035
[288670 178035 290670 180035] on VIA67 is 20.892
[289670 178035 330050 180035] on METAL7 is 20.769
[330050 178035 331050 180035] on METAL7 is 13.137
[329050 178035 331050 180035] on VIA67 is 13.137
[329050 143365 331050 179035] on METAL6 is 20.323
[329050 179035 331050 192310] on METAL6 is 12.832
[329050 192310 331050 213450] on METAL6 is 8.117
[330050 191310 376670 193310] on METAL6 is 7.5
[329050 191310 330050 193310] on METAL6 is 7.5
[329050 213450 331050 215115] on METAL6 is 8.876
[329050 212450 331050 214450] on VIA67 is 8.117
[330050 212450 379310 214450] on METAL7 is 7.427
[329050 212450 330050 214450] on METAL7 is 7.427
[329050 214115 331050 216115] on VIA67 is 9.272
[330050 214115 331050 216115] on METAL7 is 9.272
[329050 107285 331050 143365] on METAL6 is 24.627
[329050 142365 331050 144365] on VIA67 is 20.465
[330050 142365 331050 144365] on METAL7 is 20.465
[329050 71205 331050 107285] on METAL6 is 27.069
[329050 106285 331050 108285] on VIA67 is 24.706
[330050 106285 331050 108285] on METAL7 is 24.706
[289670 106285 330050 108285] on METAL7 is 26.677
[253330 106285 289670 108285] on METAL7 is 28.296
[288670 106285 290670 108285] on VIA67 is 26.684
[288670 71205 290670 107285] on METAL6 is 28.388
[288670 35125 290670 71205] on METAL6 is 29.1
[288670 70205 290670 72205] on VIA67 is 28.388
[289670 70205 330050 72205] on METAL7 is 28.383
[253330 70205 289670 72205] on METAL7 is 29.398
[216990 70205 253330 72205] on METAL7 is 30.117
[252330 70205 254330 72205] on VIA67 is 29.411
[252330 35125 254330 71205] on METAL6 is 29.759
[252330 71205 254330 107285] on METAL6 is 29.411
[252330 106285 254330 108285] on VIA67 is 28.318
[216990 106285 253330 108285] on METAL7 is 29.407
[180650 106285 216990 108285] on METAL7 is 29.86
[215990 106285 217990 108285] on VIA67 is 29.437
[215990 71205 217990 107285] on METAL6 is 30.137
[215990 35125 217990 71205] on METAL6 is 30.239
[215990 70205 217990 72205] on VIA67 is 30.137
[180650 70205 216990 72205] on METAL7 is 30.397
[144310 70205 180650 72205] on METAL7 is 30.397
[179650 70205 181650 72205] on VIA67 is 30.42
[179650 35125 181650 71205] on METAL6 is 30.42
[179650 71205 181650 107285] on METAL6 is 30.42
[179650 106285 181650 108285] on VIA67 is 29.892
[144310 106285 180650 108285] on METAL7 is 29.86
[143310 106285 145310 108285] on VIA67 is 29.629
[143310 71205 145310 107285] on METAL6 is 30.197
[143310 35125 145310 71205] on METAL6 is 30.202
[143310 70205 145310 72205] on VIA67 is 30.197
[143310 13310 145310 35125] on METAL6 is 30.202
[143310 34125 145310 36125] on VIA67 is 30.202
[144310 34125 180650 36125] on METAL7 is 30.387
[180650 34125 216990 36125] on METAL7 is 30.387
[179650 34125 181650 36125] on VIA67 is 30.403
[179650 13310 181650 35125] on METAL6 is 30.403
[179650 12310 181650 13310] on METAL6 is 30.21
[179650 12310 181650 14310] on VIA67 is 30.21
[180650 12310 216990 14310] on METAL7 is 30.195
[144310 12310 180650 14310] on METAL7 is 30.195
[107970 12310 144310 14310] on METAL7 is 30.002
[143310 12310 145310 14310] on VIA67 is 30.016
[143310 12310 145310 13310] on METAL6 is 30.016
[106970 12310 108970 14310] on VIA67 is 29.51
[106970 12310 108970 13310] on METAL6 is 29.51
[216990 12310 253330 14310] on METAL7 is 30.066
[215990 12310 217990 14310] on VIA67 is 30.078
[215990 12310 217990 13310] on METAL6 is 30.078
[215990 13310 217990 35125] on METAL6 is 30.239
[215990 34125 217990 36125] on VIA67 is 30.239
[216990 34125 253330 36125] on METAL7 is 30.225
[253330 34125 289670 36125] on METAL7 is 29.751
[252330 34125 254330 36125] on VIA67 is 29.759
[252330 13310 254330 35125] on METAL6 is 29.759
[252330 12310 254330 13310] on METAL6 is 29.676
[252330 12310 254330 14310] on VIA67 is 29.676
[253330 12310 289670 14310] on METAL7 is 29.67
[289670 12310 330050 14310] on METAL7 is 29.136
[288670 12310 290670 14310] on VIA67 is 29.136
[288670 12310 290670 13310] on METAL6 is 29.134
[288670 13310 290670 35125] on METAL6 is 29.134
[288670 34125 290670 36125] on VIA67 is 29.1
[289670 34125 330050 36125] on METAL7 is 29.098
[330050 34125 331050 36125] on METAL7 is 28.328
[329050 34125 331050 36125] on VIA67 is 28.328
[329050 13310 331050 35125] on METAL6 is 28.584
[329050 35125 331050 71205] on METAL6 is 28.298
[329050 70205 331050 72205] on VIA67 is 27.12
[330050 70205 331050 72205] on METAL7 is 27.12
[329050 12310 331050 13310] on METAL6 is 28.584
[329050 12310 331050 14310] on VIA67 is 28.605
[330050 12310 331050 14310] on METAL7 is 28.605
