
Name of design : design_setup
Number of cell instance masters in the library : 46
Number of cell instances in the design : 5534
Target IR drop : 150.000 mV
Processing net VDD ...
Average power dissipation in design_setup :   100.00 mW
Power supply voltage :     1.50 V
Average current in design_setup :    66.67 mA
Number of power pad nodes reaching to the power ports of the leaf cells or blocks : 4
Maximum IR drop in design_setup : 28.99 mV
Maximum current in design_setup : 17.039 mA
Processing net VSS ...
Average power dissipation in design_setup :   100.00 mW
Power supply voltage :     1.50 V
Average current in design_setup :    66.67 mA
Number of power pad nodes reaching to the power ports of the leaf cells or blocks : 4
Maximum IR drop in design_setup : 41.39 mV
Maximum current in design_setup : 22.971 mA
Memory usage for design data :      39010.304 Kbytes
Overall takes     0.05 seconds
